<?xml version="1.0" encoding="UTF-8"?>
<!-- Generated by org.testng.reporters.JUnitXMLReporter -->
<testsuite hostname="Praveen-PC" ignored="0" name="Automation" tests="3" failures="0" timestamp="2020-02-23T21:20:13 IST" time="100.701" errors="0">
  <testcase name="pgm" time="13.869" classname="week5.day1.framework.CreateLead2"/>
  <testcase name="pgm" time="7.488" classname="week5.day1.framework.CreateLead2"/>
  <testcase name="pgm" time="12.135" classname="week5.day1.framework.CreateLead2"/>
</testsuite> <!-- Automation -->
